<?xml version="1.0" encoding="UTF-8"?>
<!-- Generated by org.testng.reporters.JUnitReportReporter -->
<testsuite hostname="LAPTOP-ALB1PIQL" failures="0" tests="1" name="apiTesting.RequresApi" time="4.447" errors="0" timestamp="2024-09-04T12:28:41 IST" skipped="0">
  <testcase classname="apiTesting.RequresApi" name="registerSuccessful" time="4.447"/>
  <system-out/>
</testsuite> <!-- apiTesting.RequresApi -->
