<?xml version="1.0" encoding="UTF-8"?>
<!-- Generated by org.testng.reporters.JUnitReportReporter -->
<testsuite hostname="LAPTOP-ALB1PIQL" failures="0" tests="3" name="apiTesting.TrelloApi" time="9.100" errors="0" timestamp="2024-09-05T13:25:27 IST" skipped="0">
  <testcase classname="apiTesting.TrelloApi" name="getAboard" time="0.809"/>
  <system-out/>
  <testcase classname="apiTesting.TrelloApi" name="DeleteaBoard" time="4.742"/>
  <system-out/>
  <testcase classname="apiTesting.TrelloApi" name="createBoard" time="3.549"/>
  <system-out/>
</testsuite> <!-- apiTesting.TrelloApi -->
